TN:
SF:/home/gualtief/workspace/BriteCore/risk_model_builder/risk_model_ui/src/config.js
FN:1,(anonymous_1)
FN:6,__webpack_require__
FN:37,(anonymous_3)
FN:48,(anonymous_4)
FN:50,getDefault
FN:51,getModuleExports
FN:57,(anonymous_7)
FN:69,(anonymous_8)
FNF:8
FNH:5
FNDA:1,(anonymous_1)
FNDA:1,__webpack_require__
FNDA:1,(anonymous_3)
FNDA:0,(anonymous_4)
FNDA:0,getDefault
FNDA:0,getModuleExports
FNDA:1,(anonymous_7)
FNDA:1,(anonymous_8)
DA:1,1
DA:3,1
DA:6,1
DA:9,1
DA:10,0
DA:13,1
DA:20,1
DA:23,1
DA:26,1
DA:31,1
DA:34,1
DA:37,1
DA:38,1
DA:39,1
DA:48,1
DA:49,0
DA:50,0
DA:51,0
DA:52,0
DA:53,0
DA:57,1
DA:60,1
DA:63,1
DA:72,1
LF:24
LH:18
BRDA:9,1,0,0
BRDA:9,1,1,1
BRDA:38,2,0,1
BRDA:38,2,1,0
BRDA:49,3,0,0
BRDA:49,3,1,0
BRDA:49,4,0,0
BRDA:49,4,1,0
BRF:8
BRH:2
end_of_record
TN:
SF:/home/gualtief/workspace/BriteCore/risk_model_builder/risk_model_ui/src/main.js
FN:1,(anonymous_1)
FN:6,__webpack_require__
FN:37,(anonymous_3)
FN:48,(anonymous_4)
FN:50,getDefault
FN:51,getModuleExports
FN:57,(anonymous_7)
FN:68,(anonymous_8)
FN:75,(anonymous_9)
FN:82,(anonymous_10)
FN:89,(anonymous_11)
FN:96,(anonymous_12)
FN:103,(anonymous_13)
FN:109,(anonymous_14)
FN:115,(anonymous_15)
FN:121,(anonymous_16)
FN:128,(anonymous_17)
FN:134,(anonymous_18)
FN:141,(anonymous_19)
FN:147,(anonymous_20)
FN:154,(anonymous_21)
FN:161,(anonymous_22)
FN:168,(anonymous_23)
FN:175,(anonymous_24)
FN:182,(anonymous_25)
FN:189,(anonymous_26)
FN:196,(anonymous_27)
FN:203,(anonymous_28)
FN:210,(anonymous_29)
FN:217,(anonymous_30)
FN:224,(anonymous_31)
FN:231,(anonymous_32)
FN:238,(anonymous_33)
FN:245,(anonymous_34)
FN:252,(anonymous_35)
FN:259,(anonymous_36)
FN:266,(anonymous_37)
FN:273,(anonymous_38)
FN:280,(anonymous_39)
FN:287,(anonymous_40)
FN:294,(anonymous_41)
FN:301,(anonymous_42)
FN:308,(anonymous_43)
FN:315,(anonymous_44)
FN:322,(anonymous_45)
FN:329,(anonymous_46)
FN:336,(anonymous_47)
FN:343,(anonymous_48)
FN:350,(anonymous_49)
FN:357,(anonymous_50)
FN:364,(anonymous_51)
FN:371,(anonymous_52)
FN:378,(anonymous_53)
FN:385,(anonymous_54)
FN:392,(anonymous_55)
FN:399,(anonymous_56)
FN:405,(anonymous_57)
FN:412,(anonymous_58)
FN:419,(anonymous_59)
FN:426,(anonymous_60)
FN:432,(anonymous_61)
FN:438,(anonymous_62)
FN:445,(anonymous_63)
FN:452,(anonymous_64)
FN:459,(anonymous_65)
FN:466,(anonymous_66)
FN:473,(anonymous_67)
FN:480,(anonymous_68)
FN:487,(anonymous_69)
FN:494,(anonymous_70)
FN:501,(anonymous_71)
FN:508,(anonymous_72)
FN:515,(anonymous_73)
FN:522,(anonymous_74)
FN:529,(anonymous_75)
FN:536,(anonymous_76)
FN:543,(anonymous_77)
FN:550,(anonymous_78)
FN:557,(anonymous_79)
FN:564,(anonymous_80)
FN:571,(anonymous_81)
FN:578,(anonymous_82)
FN:585,(anonymous_83)
FN:592,(anonymous_84)
FN:599,(anonymous_85)
FN:606,(anonymous_86)
FN:613,(anonymous_87)
FN:620,(anonymous_88)
FN:627,(anonymous_89)
FN:634,(anonymous_90)
FN:641,(anonymous_91)
FN:648,(anonymous_92)
FN:655,(anonymous_93)
FN:662,(anonymous_94)
FN:669,(anonymous_95)
FN:676,(anonymous_96)
FN:683,(anonymous_97)
FN:690,(anonymous_98)
FN:697,(anonymous_99)
FN:704,(anonymous_100)
FN:711,(anonymous_101)
FN:718,(anonymous_102)
FN:725,(anonymous_103)
FN:732,(anonymous_104)
FN:739,(anonymous_105)
FN:746,(anonymous_106)
FN:753,(anonymous_107)
FN:760,(anonymous_108)
FN:767,(anonymous_109)
FN:774,(anonymous_110)
FN:781,(anonymous_111)
FN:788,(anonymous_112)
FN:795,(anonymous_113)
FN:802,(anonymous_114)
FN:809,(anonymous_115)
FN:816,(anonymous_116)
FN:823,(anonymous_117)
FN:830,(anonymous_118)
FN:837,(anonymous_119)
FN:844,(anonymous_120)
FN:851,(anonymous_121)
FN:858,(anonymous_122)
FN:865,(anonymous_123)
FN:872,(anonymous_124)
FN:879,(anonymous_125)
FN:886,(anonymous_126)
FN:893,(anonymous_127)
FN:899,(anonymous_128)
FN:905,(anonymous_129)
FN:911,(anonymous_130)
FN:918,(anonymous_131)
FN:925,(anonymous_132)
FN:932,(anonymous_133)
FN:939,(anonymous_134)
FN:946,(anonymous_135)
FN:953,(anonymous_136)
FN:960,(anonymous_137)
FN:967,(anonymous_138)
FN:974,(anonymous_139)
FN:980,(anonymous_140)
FN:986,(anonymous_141)
FN:993,(anonymous_142)
FN:1000,(anonymous_143)
FN:1007,(anonymous_144)
FN:1014,(anonymous_145)
FN:1021,(anonymous_146)
FN:1028,(anonymous_147)
FN:1035,(anonymous_148)
FN:1041,(anonymous_149)
FN:1047,(anonymous_150)
FN:1054,(anonymous_151)
FN:1061,(anonymous_152)
FN:1068,(anonymous_153)
FN:1075,(anonymous_154)
FN:1082,(anonymous_155)
FN:1089,(anonymous_156)
FN:1096,(anonymous_157)
FN:1103,(anonymous_158)
FN:1110,(anonymous_159)
FN:1117,(anonymous_160)
FN:1124,(anonymous_161)
FN:1131,(anonymous_162)
FN:1138,(anonymous_163)
FN:1145,(anonymous_164)
FN:1152,(anonymous_165)
FN:1159,(anonymous_166)
FN:1166,(anonymous_167)
FN:1172,(anonymous_168)
FN:1178,(anonymous_169)
FN:1185,(anonymous_170)
FN:1192,(anonymous_171)
FN:1199,(anonymous_172)
FN:1206,(anonymous_173)
FN:1213,(anonymous_174)
FN:1220,(anonymous_175)
FN:1227,(anonymous_176)
FN:1234,(anonymous_177)
FN:1241,(anonymous_178)
FN:1248,(anonymous_179)
FN:1255,(anonymous_180)
FN:1262,(anonymous_181)
FN:1269,(anonymous_182)
FN:1276,(anonymous_183)
FN:1283,(anonymous_184)
FN:1290,(anonymous_185)
FN:1297,(anonymous_186)
FN:1304,(anonymous_187)
FN:1311,(anonymous_188)
FN:1318,(anonymous_189)
FN:1325,(anonymous_190)
FN:1332,(anonymous_191)
FN:1338,(anonymous_192)
FN:1344,(anonymous_193)
FN:1351,(anonymous_194)
FN:1358,(anonymous_195)
FN:1365,(anonymous_196)
FN:1372,(anonymous_197)
FN:1379,(anonymous_198)
FN:1385,(anonymous_199)
FN:1391,(anonymous_200)
FN:1398,(anonymous_201)
FN:1405,(anonymous_202)
FN:1411,(anonymous_203)
FN:1418,(anonymous_204)
FN:1425,(anonymous_205)
FN:1432,(anonymous_206)
FN:1439,(anonymous_207)
FN:1446,(anonymous_208)
FN:1453,(anonymous_209)
FN:1460,(anonymous_210)
FN:1467,(anonymous_211)
FN:1474,(anonymous_212)
FN:1481,(anonymous_213)
FN:1488,(anonymous_214)
FN:1495,(anonymous_215)
FN:1502,(anonymous_216)
FN:1508,(anonymous_217)
FN:1514,(anonymous_218)
FN:1520,(anonymous_219)
FN:1526,(anonymous_220)
FN:1532,(anonymous_221)
FN:1538,(anonymous_222)
FN:1544,(anonymous_223)
FN:1550,(anonymous_224)
FN:1557,(anonymous_225)
FN:1564,(anonymous_226)
FN:1571,(anonymous_227)
FN:1578,(anonymous_228)
FN:1584,(anonymous_229)
FN:1590,(anonymous_230)
FN:1597,(anonymous_231)
FN:1604,(anonymous_232)
FN:1610,(anonymous_233)
FN:1616,(anonymous_234)
FN:1623,(anonymous_235)
FN:1630,(anonymous_236)
FN:1637,(anonymous_237)
FN:1644,(anonymous_238)
FN:1650,(anonymous_239)
FN:1656,(anonymous_240)
FN:1663,(anonymous_241)
FN:1670,(anonymous_242)
FN:1676,(anonymous_243)
FN:1682,(anonymous_244)
FN:1689,(anonymous_245)
FN:1696,(anonymous_246)
FN:1702,(anonymous_247)
FN:1708,(anonymous_248)
FN:1715,(anonymous_249)
FN:1722,(anonymous_250)
FN:1729,(anonymous_251)
FN:1736,(anonymous_252)
FNF:252
FNH:231
FNDA:1,(anonymous_1)
FNDA:498,__webpack_require__
FNDA:109,(anonymous_3)
FNDA:5,(anonymous_4)
FNDA:0,getDefault
FNDA:2,getModuleExports
FNDA:109,(anonymous_7)
FNDA:1,(anonymous_8)
FNDA:1,(anonymous_9)
FNDA:1,(anonymous_10)
FNDA:1,(anonymous_11)
FNDA:1,(anonymous_12)
FNDA:1,(anonymous_13)
FNDA:1,(anonymous_14)
FNDA:1,(anonymous_15)
FNDA:1,(anonymous_16)
FNDA:1,(anonymous_17)
FNDA:1,(anonymous_18)
FNDA:1,(anonymous_19)
FNDA:1,(anonymous_20)
FNDA:1,(anonymous_21)
FNDA:1,(anonymous_22)
FNDA:1,(anonymous_23)
FNDA:1,(anonymous_24)
FNDA:1,(anonymous_25)
FNDA:1,(anonymous_26)
FNDA:1,(anonymous_27)
FNDA:1,(anonymous_28)
FNDA:1,(anonymous_29)
FNDA:1,(anonymous_30)
FNDA:1,(anonymous_31)
FNDA:1,(anonymous_32)
FNDA:1,(anonymous_33)
FNDA:1,(anonymous_34)
FNDA:1,(anonymous_35)
FNDA:1,(anonymous_36)
FNDA:1,(anonymous_37)
FNDA:1,(anonymous_38)
FNDA:1,(anonymous_39)
FNDA:1,(anonymous_40)
FNDA:1,(anonymous_41)
FNDA:1,(anonymous_42)
FNDA:1,(anonymous_43)
FNDA:1,(anonymous_44)
FNDA:1,(anonymous_45)
FNDA:1,(anonymous_46)
FNDA:1,(anonymous_47)
FNDA:1,(anonymous_48)
FNDA:1,(anonymous_49)
FNDA:1,(anonymous_50)
FNDA:1,(anonymous_51)
FNDA:1,(anonymous_52)
FNDA:1,(anonymous_53)
FNDA:1,(anonymous_54)
FNDA:1,(anonymous_55)
FNDA:1,(anonymous_56)
FNDA:1,(anonymous_57)
FNDA:1,(anonymous_58)
FNDA:1,(anonymous_59)
FNDA:1,(anonymous_60)
FNDA:1,(anonymous_61)
FNDA:1,(anonymous_62)
FNDA:1,(anonymous_63)
FNDA:1,(anonymous_64)
FNDA:1,(anonymous_65)
FNDA:1,(anonymous_66)
FNDA:1,(anonymous_67)
FNDA:1,(anonymous_68)
FNDA:1,(anonymous_69)
FNDA:1,(anonymous_70)
FNDA:1,(anonymous_71)
FNDA:1,(anonymous_72)
FNDA:1,(anonymous_73)
FNDA:1,(anonymous_74)
FNDA:1,(anonymous_75)
FNDA:1,(anonymous_76)
FNDA:1,(anonymous_77)
FNDA:1,(anonymous_78)
FNDA:1,(anonymous_79)
FNDA:1,(anonymous_80)
FNDA:1,(anonymous_81)
FNDA:1,(anonymous_82)
FNDA:1,(anonymous_83)
FNDA:1,(anonymous_84)
FNDA:1,(anonymous_85)
FNDA:1,(anonymous_86)
FNDA:1,(anonymous_87)
FNDA:1,(anonymous_88)
FNDA:1,(anonymous_89)
FNDA:1,(anonymous_90)
FNDA:1,(anonymous_91)
FNDA:1,(anonymous_92)
FNDA:1,(anonymous_93)
FNDA:1,(anonymous_94)
FNDA:1,(anonymous_95)
FNDA:1,(anonymous_96)
FNDA:1,(anonymous_97)
FNDA:1,(anonymous_98)
FNDA:1,(anonymous_99)
FNDA:1,(anonymous_100)
FNDA:1,(anonymous_101)
FNDA:1,(anonymous_102)
FNDA:1,(anonymous_103)
FNDA:1,(anonymous_104)
FNDA:1,(anonymous_105)
FNDA:1,(anonymous_106)
FNDA:1,(anonymous_107)
FNDA:1,(anonymous_108)
FNDA:1,(anonymous_109)
FNDA:1,(anonymous_110)
FNDA:1,(anonymous_111)
FNDA:1,(anonymous_112)
FNDA:1,(anonymous_113)
FNDA:1,(anonymous_114)
FNDA:1,(anonymous_115)
FNDA:1,(anonymous_116)
FNDA:1,(anonymous_117)
FNDA:1,(anonymous_118)
FNDA:1,(anonymous_119)
FNDA:1,(anonymous_120)
FNDA:1,(anonymous_121)
FNDA:1,(anonymous_122)
FNDA:1,(anonymous_123)
FNDA:1,(anonymous_124)
FNDA:1,(anonymous_125)
FNDA:1,(anonymous_126)
FNDA:0,(anonymous_127)
FNDA:0,(anonymous_128)
FNDA:1,(anonymous_129)
FNDA:1,(anonymous_130)
FNDA:1,(anonymous_131)
FNDA:1,(anonymous_132)
FNDA:1,(anonymous_133)
FNDA:1,(anonymous_134)
FNDA:1,(anonymous_135)
FNDA:1,(anonymous_136)
FNDA:1,(anonymous_137)
FNDA:1,(anonymous_138)
FNDA:0,(anonymous_139)
FNDA:0,(anonymous_140)
FNDA:1,(anonymous_141)
FNDA:1,(anonymous_142)
FNDA:1,(anonymous_143)
FNDA:1,(anonymous_144)
FNDA:1,(anonymous_145)
FNDA:1,(anonymous_146)
FNDA:1,(anonymous_147)
FNDA:0,(anonymous_148)
FNDA:0,(anonymous_149)
FNDA:1,(anonymous_150)
FNDA:1,(anonymous_151)
FNDA:1,(anonymous_152)
FNDA:1,(anonymous_153)
FNDA:1,(anonymous_154)
FNDA:1,(anonymous_155)
FNDA:1,(anonymous_156)
FNDA:1,(anonymous_157)
FNDA:1,(anonymous_158)
FNDA:1,(anonymous_159)
FNDA:1,(anonymous_160)
FNDA:1,(anonymous_161)
FNDA:1,(anonymous_162)
FNDA:1,(anonymous_163)
FNDA:1,(anonymous_164)
FNDA:1,(anonymous_165)
FNDA:1,(anonymous_166)
FNDA:0,(anonymous_167)
FNDA:0,(anonymous_168)
FNDA:1,(anonymous_169)
FNDA:1,(anonymous_170)
FNDA:1,(anonymous_171)
FNDA:1,(anonymous_172)
FNDA:1,(anonymous_173)
FNDA:1,(anonymous_174)
FNDA:1,(anonymous_175)
FNDA:1,(anonymous_176)
FNDA:1,(anonymous_177)
FNDA:1,(anonymous_178)
FNDA:1,(anonymous_179)
FNDA:1,(anonymous_180)
FNDA:1,(anonymous_181)
FNDA:1,(anonymous_182)
FNDA:1,(anonymous_183)
FNDA:1,(anonymous_184)
FNDA:1,(anonymous_185)
FNDA:1,(anonymous_186)
FNDA:1,(anonymous_187)
FNDA:1,(anonymous_188)
FNDA:1,(anonymous_189)
FNDA:1,(anonymous_190)
FNDA:0,(anonymous_191)
FNDA:0,(anonymous_192)
FNDA:1,(anonymous_193)
FNDA:1,(anonymous_194)
FNDA:1,(anonymous_195)
FNDA:1,(anonymous_196)
FNDA:1,(anonymous_197)
FNDA:0,(anonymous_198)
FNDA:0,(anonymous_199)
FNDA:1,(anonymous_200)
FNDA:1,(anonymous_201)
FNDA:1,(anonymous_202)
FNDA:1,(anonymous_203)
FNDA:1,(anonymous_204)
FNDA:1,(anonymous_205)
FNDA:1,(anonymous_206)
FNDA:1,(anonymous_207)
FNDA:1,(anonymous_208)
FNDA:1,(anonymous_209)
FNDA:1,(anonymous_210)
FNDA:1,(anonymous_211)
FNDA:1,(anonymous_212)
FNDA:1,(anonymous_213)
FNDA:1,(anonymous_214)
FNDA:1,(anonymous_215)
FNDA:1,(anonymous_216)
FNDA:1,(anonymous_217)
FNDA:1,(anonymous_218)
FNDA:1,(anonymous_219)
FNDA:1,(anonymous_220)
FNDA:1,(anonymous_221)
FNDA:1,(anonymous_222)
FNDA:1,(anonymous_223)
FNDA:1,(anonymous_224)
FNDA:1,(anonymous_225)
FNDA:1,(anonymous_226)
FNDA:1,(anonymous_227)
FNDA:1,(anonymous_228)
FNDA:1,(anonymous_229)
FNDA:1,(anonymous_230)
FNDA:1,(anonymous_231)
FNDA:0,(anonymous_232)
FNDA:0,(anonymous_233)
FNDA:1,(anonymous_234)
FNDA:1,(anonymous_235)
FNDA:1,(anonymous_236)
FNDA:1,(anonymous_237)
FNDA:0,(anonymous_238)
FNDA:0,(anonymous_239)
FNDA:1,(anonymous_240)
FNDA:1,(anonymous_241)
FNDA:0,(anonymous_242)
FNDA:0,(anonymous_243)
FNDA:1,(anonymous_244)
FNDA:1,(anonymous_245)
FNDA:0,(anonymous_246)
FNDA:0,(anonymous_247)
FNDA:1,(anonymous_248)
FNDA:1,(anonymous_249)
FNDA:1,(anonymous_250)
FNDA:1,(anonymous_251)
FNDA:1,(anonymous_252)
DA:1,1
DA:3,1
DA:6,1
DA:9,498
DA:10,273
DA:13,225
DA:20,225
DA:23,225
DA:26,225
DA:31,1
DA:34,1
DA:37,1
DA:38,109
DA:39,109
DA:48,1
DA:49,5
DA:50,0
DA:51,2
DA:52,5
DA:53,5
DA:57,109
DA:60,1
DA:63,1
DA:71,1
DA:78,1
DA:85,1
DA:92,1
DA:99,1
DA:105,1
DA:111,1
DA:117,1
DA:124,1
DA:130,1
DA:137,1
DA:143,1
DA:150,1
DA:157,1
DA:164,1
DA:171,1
DA:178,1
DA:185,1
DA:192,1
DA:199,1
DA:206,1
DA:213,1
DA:220,1
DA:227,1
DA:234,1
DA:241,1
DA:248,1
DA:255,1
DA:262,1
DA:269,1
DA:276,1
DA:283,1
DA:290,1
DA:297,1
DA:304,1
DA:311,1
DA:318,1
DA:325,1
DA:332,1
DA:339,1
DA:346,1
DA:353,1
DA:360,1
DA:367,1
DA:374,1
DA:381,1
DA:388,1
DA:395,1
DA:401,1
DA:408,1
DA:415,1
DA:422,1
DA:428,1
DA:434,1
DA:441,1
DA:448,1
DA:455,1
DA:462,1
DA:469,1
DA:476,1
DA:483,1
DA:490,1
DA:497,1
DA:504,1
DA:511,1
DA:518,1
DA:525,1
DA:532,1
DA:539,1
DA:546,1
DA:553,1
DA:560,1
DA:567,1
DA:574,1
DA:581,1
DA:588,1
DA:595,1
DA:602,1
DA:609,1
DA:616,1
DA:623,1
DA:630,1
DA:637,1
DA:644,1
DA:651,1
DA:658,1
DA:665,1
DA:672,1
DA:679,1
DA:686,1
DA:693,1
DA:700,1
DA:707,1
DA:714,1
DA:721,1
DA:728,1
DA:735,1
DA:742,1
DA:749,1
DA:756,1
DA:763,1
DA:770,1
DA:777,1
DA:784,1
DA:791,1
DA:798,1
DA:805,1
DA:812,1
DA:819,1
DA:826,1
DA:833,1
DA:840,1
DA:847,1
DA:854,1
DA:861,1
DA:868,1
DA:875,1
DA:882,1
DA:889,1
DA:895,0
DA:901,0
DA:907,1
DA:914,1
DA:921,1
DA:928,1
DA:935,1
DA:942,1
DA:949,1
DA:956,1
DA:963,1
DA:970,1
DA:976,0
DA:982,0
DA:989,1
DA:996,1
DA:1003,1
DA:1010,1
DA:1017,1
DA:1024,1
DA:1031,1
DA:1037,0
DA:1043,0
DA:1050,1
DA:1057,1
DA:1064,1
DA:1071,1
DA:1078,1
DA:1085,1
DA:1092,1
DA:1099,1
DA:1106,1
DA:1113,1
DA:1120,1
DA:1127,1
DA:1134,1
DA:1141,1
DA:1148,1
DA:1155,1
DA:1162,1
DA:1168,0
DA:1174,0
DA:1181,1
DA:1188,1
DA:1195,1
DA:1202,1
DA:1209,1
DA:1216,1
DA:1223,1
DA:1230,1
DA:1237,1
DA:1244,1
DA:1251,1
DA:1258,1
DA:1265,1
DA:1272,1
DA:1279,1
DA:1286,1
DA:1293,1
DA:1300,1
DA:1307,1
DA:1314,1
DA:1321,1
DA:1328,1
DA:1334,0
DA:1340,0
DA:1347,1
DA:1354,1
DA:1361,1
DA:1368,1
DA:1375,1
DA:1381,0
DA:1387,0
DA:1394,1
DA:1401,1
DA:1407,1
DA:1414,1
DA:1421,1
DA:1428,1
DA:1435,1
DA:1442,1
DA:1449,1
DA:1456,1
DA:1463,1
DA:1470,1
DA:1477,1
DA:1484,1
DA:1491,1
DA:1498,1
DA:1504,1
DA:1510,1
DA:1516,1
DA:1522,1
DA:1528,1
DA:1534,1
DA:1540,1
DA:1546,1
DA:1553,1
DA:1560,1
DA:1567,1
DA:1574,1
DA:1580,1
DA:1586,1
DA:1593,1
DA:1600,1
DA:1606,0
DA:1612,0
DA:1619,1
DA:1626,1
DA:1633,1
DA:1640,1
DA:1646,0
DA:1652,0
DA:1659,1
DA:1666,1
DA:1672,0
DA:1678,0
DA:1685,1
DA:1692,1
DA:1698,0
DA:1704,0
DA:1711,1
DA:1718,1
DA:1725,1
DA:1732,1
DA:1738,1
LF:268
LH:247
BRDA:9,1,0,273
BRDA:9,1,1,225
BRDA:38,2,0,109
BRDA:38,2,1,0
BRDA:49,3,0,0
BRDA:49,3,1,5
BRDA:49,4,0,5
BRDA:49,4,1,5
BRF:8
BRH:6
end_of_record
